[2019-06-26T12:28:25.616] [DEBUG] default - Processing file ./transactions2012.xml with XML handler
[2019-06-26T12:32:41.914] [DEBUG] default - Processing file ./transactions.csv with CSV handler
[2019-06-26T12:32:50.538] [DEBUG] default - Processing file ./transactions2013.json with JSON handler
[2019-06-26T13:49:43.658] [DEBUG] default - Processing file ./transactions.csv with CSV handler
[2019-06-26T13:54:51.829] [DEBUG] default - Processing file ./transactions.csv with CSV handler
[2019-06-26T14:00:47.553] [DEBUG] default - Processing file ./transactions.csv with CSV handler
[2019-06-26T14:40:25.910] [DEBUG] default - Processing file ./transactions.csv with CSV handler
[2019-06-26T14:40:44.582] [DEBUG] default - Processing file ./transactions.csv with CSV handler
[2019-06-26T14:47:13.292] [DEBUG] default - Processing file ./transactions.csv with CSV handler
[2019-06-26T14:48:29.060] [DEBUG] default - Processing file ./transactions.csv with CSV handler
[2019-06-26T14:53:00.382] [DEBUG] default - Processing file ./transactions.csv with CSV handler
[2019-06-26T14:53:40.726] [DEBUG] default - Processing file ./transactions.csv with CSV handler
[2019-06-26T14:54:34.454] [DEBUG] default - Processing file ./transactions.csv with CSV handler
[2019-06-26T16:00:49.154] [DEBUG] default - Processing file ./transactions.csv with CSV handler
[2019-06-26T16:01:02.498] [DEBUG] default - Processing file ./data/transactions.csv with CSV handler
[2019-06-26T16:01:14.020] [DEBUG] default - Processing file ./data/trans.csv with CSV handler
[2019-06-26T16:01:24.579] [DEBUG] default - Processing file ./data/trans.xml with XML handler
[2019-06-26T16:01:41.162] [DEBUG] default - Processing file ./data/trans.json with JSON handler
[2019-06-26T16:11:33.682] [DEBUG] default - Processing file ./data/trans.json with JSON handler
[2019-06-26T16:12:20.522] [DEBUG] default - Processing file ./data/trans.json with JSON handler
[2019-06-26T16:13:07.411] [DEBUG] default - Processing file ./data/trans.json with JSON handler
[2019-06-26T16:13:32.586] [DEBUG] default - Processing file ./data/trans.json with JSON handler
[2019-06-26T16:14:02.788] [DEBUG] default - Processing file ./data/trans.json with JSON handler
[2019-06-26T16:14:18.187] [DEBUG] default - Processing file ./data/trans.json with JSON handler
[2019-06-26T16:15:13.755] [DEBUG] default - Processing file ./data/trans.json with JSON handler
[2019-06-26T16:15:44.899] [DEBUG] default - Processing file ./data/trans.json with JSON handler
[2019-06-26T16:50:50.157] [DEBUG] default - Processing file ./data/trans.json with JSON handler
